This file contains any messages produced by compilers while
running configure, to aid debugging if configure makes a mistake.

It was created by ltp configure LTP_VERSION, which was
generated by GNU Autoconf 2.63.  Invocation command line was

  $ ./configure 

## --------- ##
## Platform. ##
## --------- ##

hostname = CentOS6.netbook
uname -m = x86_64
uname -r = 2.6.32-358.6.2.el6.x86_64
uname -s = Linux
uname -v = #1 SMP Thu May 16 20:59:36 UTC 2013

/usr/bin/uname -p = unknown
/bin/uname -X     = unknown

/bin/arch              = x86_64
/usr/bin/arch -k       = unknown
/usr/convex/getsysinfo = unknown
/usr/bin/hostinfo      = unknown
/bin/machine           = unknown
/usr/bin/oslevel       = unknown
/bin/universe          = unknown

PATH: /usr/lib64/qt-3.3/bin
PATH: /usr/local/sbin
PATH: /usr/sbin
PATH: /sbin
PATH: /usr/local/bin
PATH: /usr/bin
PATH: /bin
PATH: /root/bin


## ----------- ##
## Core tests. ##
## ----------- ##

configure:1941: checking for a BSD-compatible install

## ---------------- ##
## Cache variables. ##
## ---------------- ##

ac_cv_env_CC_set=
ac_cv_env_CC_value=
ac_cv_env_CFLAGS_set=
ac_cv_env_CFLAGS_value=
ac_cv_env_CPPFLAGS_set=
ac_cv_env_CPPFLAGS_value=
ac_cv_env_CPP_set=
ac_cv_env_CPP_value=
ac_cv_env_LDFLAGS_set=
ac_cv_env_LDFLAGS_value=
ac_cv_env_LIBS_set=
ac_cv_env_LIBS_value=
ac_cv_env_YACC_set=
ac_cv_env_YACC_value=
ac_cv_env_YFLAGS_set=
ac_cv_env_YFLAGS_value=
ac_cv_env_build_alias_set=
ac_cv_env_build_alias_value=
ac_cv_env_host_alias_set=
ac_cv_env_host_alias_value=
ac_cv_env_target_alias_set=
ac_cv_env_target_alias_value=

## ----------------- ##
## Output variables. ##
## ----------------- ##

ACLOCAL=''
ACL_LIBS=''
AIO_LIBS=''
AMDEPBACKSLASH=''
AMDEP_FALSE=''
AMDEP_TRUE=''
AMTAR=''
AR=''
AUTOCONF=''
AUTOHEADER=''
AUTOMAKE=''
AWK=''
CAP_LIBS=''
CC=''
CCDEPMODE=''
CFLAGS=''
CPP=''
CPPFLAGS=''
CROSS_COMPILATION_FALSE=''
CROSS_COMPILATION_TRUE=''
CRYPTO_LIBS=''
CYGPATH_W=''
DEFS=''
DEPDIR=''
ECHO_C=''
ECHO_N='-n'
ECHO_T=''
EGREP=''
EXEEXT=''
GREP=''
HAVE_SECUREBITS=''
INSTALL_DATA=''
INSTALL_PROGRAM=''
INSTALL_SCRIPT=''
INSTALL_STRIP_PROGRAM=''
LDFLAGS=''
LEX=''
LEXLIB=''
LEX_OUTPUT_ROOT=''
LIBOBJS=''
LIBS=''
LTLIBOBJS=''
MAKEINFO=''
MKDIR_P=''
NUMA_CPPFLAGS=''
NUMA_LIBS=''
OBJEXT=''
PACKAGE=''
PACKAGE_BUGREPORT='ltp-list@lists.sourceforge.net'
PACKAGE_NAME='ltp'
PACKAGE_STRING='ltp LTP_VERSION'
PACKAGE_TARNAME='ltp'
PACKAGE_VERSION='LTP_VERSION'
PATH_SEPARATOR=':'
RANLIB=''
SELINUX_LIBS=''
SET_MAKE=''
SHELL='/bin/sh'
STRIP=''
UCLINUX=''
VERSION=''
WITH_BASH=''
WITH_EXPECT=''
WITH_OPEN_POSIX_TESTSUITE=''
WITH_PERL=''
WITH_POWER_MANAGEMENT_TESTSUITE=''
WITH_PYTHON=''
WITH_REALTIME_TESTSUITE=''
YACC=''
YFLAGS=''
ac_ct_CC=''
am__fastdepCC_FALSE=''
am__fastdepCC_TRUE=''
am__include=''
am__isrc=''
am__leading_dot=''
am__quote=''
am__tar=''
am__untar=''
bindir='${exec_prefix}/bin'
build=''
build_alias=''
build_cpu=''
build_os=''
build_vendor=''
datadir='${datarootdir}'
datarootdir='${prefix}/share'
docdir='${datarootdir}/doc/${PACKAGE_TARNAME}'
dvidir='${docdir}'
exec_prefix='NONE'
host=''
host_alias=''
host_cpu=''
host_os=''
host_vendor=''
htmldir='${docdir}'
includedir='${prefix}/include'
infodir='${datarootdir}/info'
install_sh=''
libdir='${exec_prefix}/lib'
libexecdir='${exec_prefix}/libexec'
localedir='${datarootdir}/locale'
localstatedir='${prefix}/var'
mandir='${datarootdir}/man'
mkdir_p=''
oldincludedir='/usr/include'
pdfdir='${docdir}'
prefix='NONE'
program_transform_name='s,x,x,'
psdir='${docdir}'
sbindir='${exec_prefix}/sbin'
sharedstatedir='${prefix}/com'
subdirs=''
sysconfdir='${prefix}/etc'
target_alias=''

## ----------- ##
## confdefs.h. ##
## ----------- ##

#define PACKAGE_NAME "ltp"
#define PACKAGE_TARNAME "ltp"
#define PACKAGE_VERSION "LTP_VERSION"
#define PACKAGE_STRING "ltp LTP_VERSION"
#define PACKAGE_BUGREPORT "ltp-list@lists.sourceforge.net"

configure: caught signal 2
configure: exit 1
